Info: Nothing to build for CarPlateExcercise
14:50:38 **** Incremental Build of configuration Debug for project CarPlateExcercise ****
Info: Internal Builder is used for build
gcc -O0 -g3 -Wall -c -fmessage-length=0 -o "src\\CarPlateExcercise.o" "..\\src\\CarPlateExcercise.c" 
..\src\CarPlateExcercise.c: In function 'main':
..\src\CarPlateExcercise.c:21:16: warning: initialization of 'char *' from incompatible pointer type 'char * (*)[9]' [-Wincompatible-pointer-types]
   21 |  char *cpntr = &filters;
      |                ^
..\src\CarPlateExcercise.c:39:10: warning: assignment to 'char *' from incompatible pointer type 'char **' [-Wincompatible-pointer-types]
   39 |    cpntr = Newf;
      |          ^
..\src\CarPlateExcercise.c:42:28: warning: passing argument 2 of 'Checker' makes pointer from integer without a cast [-Wint-conversion]
   42 |    ok = (Checker(temp,cpntr[k]))? true: false;
      |                       ~~~~~^~~
      |                            |
      |                            char
In file included from ..\src\CarPlateExcercise.c:11:
..\src\CarPlateHeader.h:26:38: note: expected 'const char *' but argument is of type 'char'
   26 | _Bool Checker(char temp, const char *filters);
      |                          ~~~~~~~~~~~~^~~~~~~
gcc -o CarPlateExcercise.exe "src\\CarPlateExcercise.o" "src\\functions.o" 
Info: Nothing to build for CarPlateExcercise
14:51:37 **** Incremental Build of configuration Debug for project CarPlateExcercise ****
Info: Internal Builder is used for build
gcc -O0 -g3 -Wall -c -fmessage-length=0 -o "src\\CarPlateExcercise.o" "..\\src\\CarPlateExcercise.c" 
..\src\CarPlateExcercise.c: In function 'main':
..\src\CarPlateExcercise.c:39:10: warning: assignment to 'char *' from incompatible pointer type 'char **' [-Wincompatible-pointer-types]
   39 |    cpntr = Newf;
      |          ^
..\src\CarPlateExcercise.c:42:28: warning: passing argument 2 of 'Checker' makes pointer from integer without a cast [-Wint-conversion]
   42 |    ok = (Checker(temp,cpntr[k]))? true: false;
      |                       ~~~~~^~~
      |                            |
      |                            char
In file included from ..\src\CarPlateExcercise.c:11:
..\src\CarPlateHeader.h:26:38: note: expected 'const char *' but argument is of type 'char'
   26 | _Bool Checker(char temp, const char *filters);
      |                          ~~~~~~~~~~~~^~~~~~~
gcc -o CarPlateExcercise.exe "src\\CarPlateExcercise.o" "src\\functions.o" 
Info: Nothing to build for CarPlateExcercise
Info: Nothing to build for CarPlateExcercise
14:53:06 **** Incremental Build of configuration Debug for project CarPlateExcercise ****
Info: Internal Builder is used for build
gcc -O0 -g3 -Wall -c -fmessage-length=0 -o "src\\CarPlateExcercise.o" "..\\src\\CarPlateExcercise.c" 
..\src\CarPlateExcercise.c: In function 'main':
..\src\CarPlateExcercise.c:39:11: warning: assignment to 'char' from 'char *' makes integer from pointer without a cast [-Wint-conversion]
   39 |    *cpntr = *Newf;
      |           ^
..\src\CarPlateExcercise.c:42:28: warning: passing argument 2 of 'Checker' makes pointer from integer without a cast [-Wint-conversion]
   42 |    ok = (Checker(temp,cpntr[k]))? true: false;
      |                       ~~~~~^~~
      |                            |
      |                            char
In file included from ..\src\CarPlateExcercise.c:11:
..\src\CarPlateHeader.h:26:38: note: expected 'const char *' but argument is of type 'char'
   26 | _Bool Checker(char temp, const char *filters);
      |                          ~~~~~~~~~~~~^~~~~~~
gcc -o CarPlateExcercise.exe "src\\CarPlateExcercise.o" "src\\functions.o" 
14:54:03 **** Incremental Build of configuration Debug for project CarPlateExcercise ****
Info: Internal Builder is used for build
gcc -O0 -g3 -Wall -c -fmessage-length=0 -o "src\\CarPlateExcercise.o" "..\\src\\CarPlateExcercise.c" 
..\src\CarPlateExcercise.c: In function 'main':
..\src\CarPlateExcercise.c:39:11: warning: assignment to 'char' from 'char *' makes integer from pointer without a cast [-Wint-conversion]
   39 |    *cpntr = *Newf;
      |           ^
..\src\CarPlateExcercise.c:42:28: warning: passing argument 2 of 'Checker' makes pointer from integer without a cast [-Wint-conversion]
   42 |    ok = (Checker(temp,cpntr[k]))? true: false;
      |                       ~~~~~^~~
      |                            |
      |                            char
In file included from ..\src\CarPlateExcercise.c:11:
..\src\CarPlateHeader.h:26:38: note: expected 'const char *' but argument is of type 'char'
   26 | _Bool Checker(char temp, const char *filters);
      |                          ~~~~~~~~~~~~^~~~~~~
gcc -o CarPlateExcercise.exe "src\\CarPlateExcercise.o" "src\\functions.o" 
14:54:50 **** Incremental Build of configuration Debug for project CarPlateExcercise ****
Info: Internal Builder is used for build
gcc -O0 -g3 -Wall -c -fmessage-length=0 -o "src\\CarPlateExcercise.o" "..\\src\\CarPlateExcercise.c" 
..\src\CarPlateExcercise.c: In function 'main':
..\src\CarPlateExcercise.c:21:8: warning: unused variable 'cpntr' [-Wunused-variable]
   21 |  char *cpntr = *filters;
      |        ^~~~~
..\src\CarPlateExcercise.c:20:8: warning: unused variable 'Newf' [-Wunused-variable]
   20 |  char *Newf[MAX] = {LETTER, LETTER, LETTER, SEP, DIGIT, DIGIT, LETTER};
      |        ^~~~
..\src\CarPlateExcercise.c:17:8: warning: unused variable 'New' [-Wunused-variable]
   17 |  _Bool New = false;
      |        ^~~
gcc -o CarPlateExcercise.exe "src\\CarPlateExcercise.o" "src\\functions.o" 
14:55:03 **** Incremental Build of configuration Debug for project CarPlateExcercise ****
Info: Internal Builder is used for build
gcc -O0 -g3 -Wall -c -fmessage-length=0 -o "src\\CarPlateExcercise.o" "..\\src\\CarPlateExcercise.c" 
..\src\CarPlateExcercise.c: In function 'main':
..\src\CarPlateExcercise.c:19:8: warning: unused variable 'Newf' [-Wunused-variable]
   19 |  char *Newf[MAX] = {LETTER, LETTER, LETTER, SEP, DIGIT, DIGIT, LETTER};
      |        ^~~~
gcc -o CarPlateExcercise.exe "src\\CarPlateExcercise.o" "src\\functions.o" 
Info: Nothing to build for CarPlateExcercise
14:56:11 **** Incremental Build of configuration Debug for project CarPlateExcercise ****
Info: Internal Builder is used for build
gcc -O0 -g3 -Wall -c -fmessage-length=0 -o "src\\CarPlateExcercise.o" "..\\src\\CarPlateExcercise.c" 
gcc -o CarPlateExcercise.exe "src\\CarPlateExcercise.o" "src\\functions.o" 
Info: Nothing to build for CarPlateExcercise
14:57:03 **** Incremental Build of configuration Debug for project CarPlateExcercise ****
Info: Internal Builder is used for build
gcc -O0 -g3 -Wall -c -fmessage-length=0 -o "src\\CarPlateExcercise.o" "..\\src\\CarPlateExcercise.c" 
gcc -o CarPlateExcercise.exe "src\\CarPlateExcercise.o" "src\\functions.o" 
Info: Nothing to build for CarPlateExcercise
Info: Nothing to build for CarPlateExcercise
14:59:31 **** Incremental Build of configuration Debug for project CarPlateExcercise ****
Info: Internal Builder is used for build
gcc -O0 -g3 -Wall -c -fmessage-length=0 -o "src\\functions.o" "..\\src\\functions.c" 
..\src\functions.c: In function 'Checker':
..\src\functions.c:18:44: warning: comparison between pointer and integer
   18 |  if((isalpha(temp))||(isdigit(temp))||(temp==SEP))
      |                                            ^~
..\src\functions.c:18:44: warning: comparison with string literal results in unspecified behavior [-Waddress]
gcc -o CarPlateExcercise.exe "src\\CarPlateExcercise.o" "src\\functions.o" 
Info: Nothing to build for CarPlateExcercise
Info: Nothing to build for CarPlateExcercise
15:00:56 **** Incremental Build of configuration Debug for project CarPlateExcercise ****
Info: Internal Builder is used for build
gcc -O0 -g3 -Wall -c -fmessage-length=0 -o "src\\functions.o" "..\\src\\functions.c" 
..\src\functions.c: In function 'Checker':
..\src\functions.c:18:44: warning: comparison between pointer and integer
   18 |  if((isalpha(temp))||(isdigit(temp))||(temp==SEP))
      |                                            ^~
..\src\functions.c:18:44: warning: comparison with string literal results in unspecified behavior [-Waddress]
gcc -o CarPlateExcercise.exe "src\\CarPlateExcercise.o" "src\\functions.o" 
15:02:50 **** Incremental Build of configuration Debug for project CarPlateExcercise ****
Info: Internal Builder is used for build
gcc -O0 -g3 -Wall -c -fmessage-length=0 -o "src\\functions.o" "..\\src\\functions.c" 
..\src\functions.c: In function 'Checker':
..\src\functions.c:18:44: warning: comparison between pointer and integer
   18 |  if((isalpha(temp))||(isdigit(temp))||temp == SEP)
      |                                            ^~
..\src\functions.c:18:44: warning: comparison with string literal results in unspecified behavior [-Waddress]
gcc -O0 -g3 -Wall -c -fmessage-length=0 -o "src\\CarPlateExcercise.o" "..\\src\\CarPlateExcercise.c" 
gcc -o CarPlateExcercise.exe "src\\CarPlateExcercise.o" "src\\functions.o" 
15:03:00 **** Incremental Build of configuration Debug for project CarPlateExcercise ****
Info: Internal Builder is used for build
gcc -O0 -g3 -Wall -c -fmessage-length=0 -o "src\\functions.o" "..\\src\\functions.c" 
gcc -o CarPlateExcercise.exe "src\\CarPlateExcercise.o" "src\\functions.o" 
Info: Nothing to build for CarPlateExcercise
Info: Nothing to build for CarPlateExcercise
Info: Nothing to build for CarPlateExcercise
15:09:39 **** Incremental Build of configuration Debug for project CarPlateExcercise ****
Info: Internal Builder is used for build
gcc -O0 -g3 -Wall -c -fmessage-length=0 -o "src\\CarPlateExcercise.o" "..\\src\\CarPlateExcercise.c" 
gcc -o CarPlateExcercise.exe "src\\CarPlateExcercise.o" "src\\functions.o" 
Info: Nothing to build for CarPlateExcercise
Info: Nothing to build for CarPlateExcercise
Info: Nothing to build for CarPlateExcercise
15:11:16 **** Incremental Build of configuration Debug for project CarPlateExcercise ****
Info: Internal Builder is used for build
gcc -O0 -g3 -Wall -c -fmessage-length=0 -o "src\\CarPlateExcercise.o" "..\\src\\CarPlateExcercise.c" 
gcc -o CarPlateExcercise.exe "src\\CarPlateExcercise.o" "src\\functions.o" 
Info: Nothing to build for CarPlateExcercise
15:12:31 **** Incremental Build of configuration Debug for project CarPlateExcercise ****
Info: Internal Builder is used for build
gcc -O0 -g3 -Wall -c -fmessage-length=0 -o "src\\CarPlateExcercise.o" "..\\src\\CarPlateExcercise.c" 
..\src\CarPlateExcercise.c: In function 'main':
..\src\CarPlateExcercise.c:34:8: warning: unused variable 'test' [-Wunused-variable]
   34 |   char test[MAX];
      |        ^~~~
gcc -o CarPlateExcercise.exe "src\\CarPlateExcercise.o" "src\\functions.o" 
15:12:37 **** Incremental Build of configuration Debug for project CarPlateExcercise ****
Info: Internal Builder is used for build
gcc -O0 -g3 -Wall -c -fmessage-length=0 -o "src\\CarPlateExcercise.o" "..\\src\\CarPlateExcercise.c" 
gcc -o CarPlateExcercise.exe "src\\CarPlateExcercise.o" "src\\functions.o" 
Info: Nothing to build for CarPlateExcercise
15:12:55 **** Incremental Build of configuration Debug for project CarPlateExcercise ****
Info: Internal Builder is used for build
gcc -O0 -g3 -Wall -c -fmessage-length=0 -o "src\\CarPlateExcercise.o" "..\\src\\CarPlateExcercise.c" 
gcc -o CarPlateExcercise.exe "src\\CarPlateExcercise.o" "src\\functions.o" 
Info: Nothing to build for CarPlateExcercise
15:13:36 **** Incremental Build of configuration Debug for project CarPlateExcercise ****
Info: Internal Builder is used for build
gcc -O0 -g3 -Wall -c -fmessage-length=0 -o "src\\CarPlateExcercise.o" "..\\src\\CarPlateExcercise.c" 
gcc -o CarPlateExcercise.exe "src\\CarPlateExcercise.o" "src\\functions.o" 
Info: Nothing to build for CarPlateExcercise
15:13:49 **** Incremental Build of configuration Debug for project CarPlateExcercise ****
Info: Internal Builder is used for build
gcc -O0 -g3 -Wall -c -fmessage-length=0 -o "src\\CarPlateExcercise.o" "..\\src\\CarPlateExcercise.c" 
gcc -o CarPlateExcercise.exe "src\\CarPlateExcercise.o" "src\\functions.o" 
Info: Nothing to build for CarPlateExcercise
15:16:02 **** Incremental Build of configuration Debug for project CarPlateExcercise ****
Info: Internal Builder is used for build
gcc -O0 -g3 -Wall -c -fmessage-length=0 -o "src\\CarPlateExcercise.o" "..\\src\\CarPlateExcercise.c" 
..\src\CarPlateExcercise.c: In function 'main':
..\src\CarPlateExcercise.c:63:18: warning: passing argument 1 of 'Checker' makes integer from pointer without a cast [-Wint-conversion]
   63 |     ok = Checker(temp,filters[k]);
      |                  ^~~~
      |                  |
      |                  char *
In file included from ..\src\CarPlateExcercise.c:11:
..\src\CarPlateHeader.h:26:20: note: expected 'char' but argument is of type 'char *'
   26 | _Bool Checker(char temp, const char *filters);
      |               ~~~~~^~~~
..\src\CarPlateExcercise.c:65:18: warning: passing argument 1 of 'Checker' makes integer from pointer without a cast [-Wint-conversion]
   65 |     ok = Checker(temp,New[k]);
      |                  ^~~~
      |                  |
      |                  char *
In file included from ..\src\CarPlateExcercise.c:11:
..\src\CarPlateHeader.h:26:20: note: expected 'char' but argument is of type 'char *'
   26 | _Bool Checker(char temp, const char *filters);
      |               ~~~~~^~~~
gcc -o CarPlateExcercise.exe "src\\CarPlateExcercise.o" "src\\functions.o" 
Info: Nothing to build for CarPlateExcercise
15:17:15 **** Incremental Build of configuration Debug for project CarPlateExcercise ****
Info: Internal Builder is used for build
gcc -O0 -g3 -Wall -c -fmessage-length=0 -o "src\\CarPlateExcercise.o" "..\\src\\CarPlateExcercise.c" 
..\src\CarPlateExcercise.c: In function 'main':
..\src\CarPlateExcercise.c:63:18: warning: passing argument 1 of 'Checker' makes integer from pointer without a cast [-Wint-conversion]
   63 |     ok = Checker(temp,filters[k]);
      |                  ^~~~
      |                  |
      |                  char *
In file included from ..\src\CarPlateExcercise.c:11:
..\src\CarPlateHeader.h:26:20: note: expected 'char' but argument is of type 'char *'
   26 | _Bool Checker(char temp, const char *filters);
      |               ~~~~~^~~~
..\src\CarPlateExcercise.c:65:18: warning: passing argument 1 of 'Checker' makes integer from pointer without a cast [-Wint-conversion]
   65 |     ok = Checker(temp,New[k]);
      |                  ^~~~
      |                  |
      |                  char *
In file included from ..\src\CarPlateExcercise.c:11:
..\src\CarPlateHeader.h:26:20: note: expected 'char' but argument is of type 'char *'
   26 | _Bool Checker(char temp, const char *filters);
      |               ~~~~~^~~~
gcc -o CarPlateExcercise.exe "src\\CarPlateExcercise.o" "src\\functions.o" 
15:17:52 **** Incremental Build of configuration Debug for project CarPlateExcercise ****
Info: Internal Builder is used for build
gcc -O0 -g3 -Wall -c -fmessage-length=0 -o "src\\CarPlateExcercise.o" "..\\src\\CarPlateExcercise.c" 
gcc -o CarPlateExcercise.exe "src\\CarPlateExcercise.o" "src\\functions.o" 
Info: Nothing to build for CarPlateExcercise
15:22:33 **** Incremental Build of configuration Debug for project CarPlateExcercise ****
Info: Internal Builder is used for build
gcc -O0 -g3 -Wall -c -fmessage-length=0 -o "src\\functions.o" "..\\src\\functions.c" 
..\src\functions.c: In function 'Args_to_char':
..\src\functions.c:32:19: error: expected ')' before ']' token
   32 |  strcpy(*res,*argA]);
      |                   ^
      |                   )
..\src\functions.c:32:9: warning: passing argument 1 of 'strcpy' makes pointer from integer without a cast [-Wint-conversion]
   32 |  strcpy(*res,*argA]);
      |         ^~~~
      |         |
      |         char
In file included from ..\src\CarPlateHeader.h:16,
                 from ..\src\functions.c:8:
c:\mingw\include\string.h:79:40: note: expected 'char *' but argument is of type 'char'
   79 | _CRTIMP __cdecl __MINGW_NOTHROW  char *strcpy (char *, const char *);
      |                                        ^~~~~~
..\src\functions.c:32:14: warning: passing argument 2 of 'strcpy' makes pointer from integer without a cast [-Wint-conversion]
   32 |  strcpy(*res,*argA]);
      |              ^~~~~
      |              |
      |              char
In file included from ..\src\CarPlateHeader.h:16,
                 from ..\src\functions.c:8:
c:\mingw\include\string.h:79:40: note: expected 'const char *' but argument is of type 'char'
   79 | _CRTIMP __cdecl __MINGW_NOTHROW  char *strcpy (char *, const char *);
      |                                        ^~~~~~
..\src\functions.c:32:19: error: expected ';' before ']' token
   32 |  strcpy(*res,*argA]);
      |                   ^
      |                   ;
..\src\functions.c:32:19: error: expected statement before ']' token
..\src\functions.c:32:20: error: expected statement before ')' token
   32 |  strcpy(*res,*argA]);
      |                    ^
..\src\functions.c:34:22: error: 'args' undeclared (first use in this function); did you mean 'argB'?
   34 |  int length = strlen(args);
      |                      ^~~~
      |                      argB
..\src\functions.c:34:22: note: each undeclared identifier is reported only once for each function it appears in
..\src\functions.c:38:14: error: 'argv' undeclared (first use in this function); did you mean 'argB'?
   38 |  strcat(args,argv[2]);
      |              ^~~~
      |              argB
15:23:41 **** Incremental Build of configuration Debug for project CarPlateExcercise ****
Info: Internal Builder is used for build
gcc -O0 -g3 -Wall -c -fmessage-length=0 -o "src\\CarPlateExcercise.o" "..\\src\\CarPlateExcercise.c" 
..\src\CarPlateExcercise.c: In function 'main':
..\src\CarPlateExcercise.c:28:17: warning: initialization of 'char *' from incompatible pointer type 'char (*)[9]' [-Wincompatible-pointer-types]
   28 |   char *cpntr = &args;
      |                 ^
..\src\CarPlateExcercise.c:31:3: warning: implicit declaration of function 'Args_to_char' [-Wimplicit-function-declaration]
   31 |   Args_to_char(argv[1],argv[2],cpntr);
      |   ^~~~~~~~~~~~
gcc -O0 -g3 -Wall -c -fmessage-length=0 -o "src\\functions.o" "..\\src\\functions.c" 
..\src\functions.c: In function 'Args_to_char':
..\src\functions.c:33:19: error: expected ')' before ']' token
   33 |  strcpy(temp,*argA]);
      |                   ^
      |                   )
..\src\functions.c:33:14: warning: passing argument 2 of 'strcpy' makes pointer from integer without a cast [-Wint-conversion]
   33 |  strcpy(temp,*argA]);
      |              ^~~~~
      |              |
      |              char
In file included from ..\src\CarPlateHeader.h:16,
                 from ..\src\functions.c:8:
c:\mingw\include\string.h:79:40: note: expected 'const char *' but argument is of type 'char'
   79 | _CRTIMP __cdecl __MINGW_NOTHROW  char *strcpy (char *, const char *);
      |                                        ^~~~~~
..\src\functions.c:33:19: error: expected ';' before ']' token
   33 |  strcpy(temp,*argA]);
      |                   ^
      |                   ;
..\src\functions.c:33:19: error: expected statement before ']' token
..\src\functions.c:33:20: error: expected statement before ')' token
   33 |  strcpy(temp,*argA]);
      |                    ^
..\src\functions.c:35:22: error: 'args' undeclared (first use in this function); did you mean 'argB'?
   35 |  int length = strlen(args);
      |                      ^~~~
      |                      argB
..\src\functions.c:35:22: note: each undeclared identifier is reported only once for each function it appears in
..\src\functions.c:39:14: error: 'argv' undeclared (first use in this function); did you mean 'argB'?
   39 |  strcat(args,argv[2]);
      |              ^~~~
      |              argB
15:23:47 **** Incremental Build of configuration Debug for project CarPlateExcercise ****
Info: Internal Builder is used for build
gcc -O0 -g3 -Wall -c -fmessage-length=0 -o "src\\functions.o" "..\\src\\functions.c" 
..\src\functions.c: In function 'Args_to_char':
..\src\functions.c:33:18: error: expected ')' before ']' token
   33 |  strcpy(temp,argA]);
      |                  ^
      |                  )
..\src\functions.c:33:18: error: expected ';' before ']' token
   33 |  strcpy(temp,argA]);
      |                  ^
      |                  ;
..\src\functions.c:33:18: error: expected statement before ']' token
..\src\functions.c:33:19: error: expected statement before ')' token
   33 |  strcpy(temp,argA]);
      |                   ^
..\src\functions.c:35:22: error: 'args' undeclared (first use in this function); did you mean 'argB'?
   35 |  int length = strlen(args);
      |                      ^~~~
      |                      argB
..\src\functions.c:35:22: note: each undeclared identifier is reported only once for each function it appears in
..\src\functions.c:39:14: error: 'argv' undeclared (first use in this function); did you mean 'argB'?
   39 |  strcat(args,argv[2]);
      |              ^~~~
      |              argB
15:23:51 **** Incremental Build of configuration Debug for project CarPlateExcercise ****
Info: Internal Builder is used for build
gcc -O0 -g3 -Wall -c -fmessage-length=0 -o "src\\functions.o" "..\\src\\functions.c" 
..\src\functions.c: In function 'Args_to_char':
..\src\functions.c:33:18: error: expected ')' before ']' token
   33 |  strcpy(temp,argA]);
      |                  ^
      |                  )
..\src\functions.c:33:18: error: expected ';' before ']' token
   33 |  strcpy(temp,argA]);
      |                  ^
      |                  ;
..\src\functions.c:33:18: error: expected statement before ']' token
..\src\functions.c:33:19: error: expected statement before ')' token
   33 |  strcpy(temp,argA]);
      |                   ^
..\src\functions.c:35:22: error: 'args' undeclared (first use in this function); did you mean 'argB'?
   35 |  int length = strlen(args);
      |                      ^~~~
      |                      argB
..\src\functions.c:35:22: note: each undeclared identifier is reported only once for each function it appears in
..\src\functions.c:39:14: error: 'argv' undeclared (first use in this function); did you mean 'argB'?
   39 |  strcat(args,argv[2]);
      |              ^~~~
      |              argB
15:25:58 **** Incremental Build of configuration Debug for project CarPlateExcercise ****
Info: Internal Builder is used for build
gcc -O0 -g3 -Wall -c -fmessage-length=0 -o "src\\functions.o" "..\\src\\functions.c" 
..\src\functions.c: In function 'Args_to_char':
..\src\functions.c:32:9: warning: passing argument 1 of 'strcpy' from incompatible pointer type [-Wincompatible-pointer-types]
   32 |  strcpy(res,argA[1]);
      |         ^~~
      |         |
      |         char **
In file included from ..\src\CarPlateHeader.h:16,
                 from ..\src\functions.c:8:
c:\mingw\include\string.h:79:40: note: expected 'char *' but argument is of type 'char **'
   79 | _CRTIMP __cdecl __MINGW_NOTHROW  char *strcpy (char *, const char *);
      |                                        ^~~~~~
..\src\functions.c:34:22: warning: passing argument 1 of 'strlen' from incompatible pointer type [-Wincompatible-pointer-types]
   34 |  int length = strlen(res);
      |                      ^~~
      |                      |
      |                      char **
In file included from ..\src\CarPlateHeader.h:16,
                 from ..\src\functions.c:8:
c:\mingw\include\string.h:83:49: note: expected 'const char *' but argument is of type 'char **'
   83 | _CRTIMP __cdecl __MINGW_NOTHROW  size_t strlen (const char *) __MINGW_ATTRIB_PURE;
      |                                                 ^~~~~~~~~~~~
..\src\functions.c:38:9: warning: passing argument 1 of 'strcat' from incompatible pointer type [-Wincompatible-pointer-types]
   38 |  strcat(res,argA[2]);
      |         ^~~
      |         |
      |         char **
In file included from ..\src\CarPlateHeader.h:16,
                 from ..\src\functions.c:8:
c:\mingw\include\string.h:75:40: note: expected 'char *' but argument is of type 'char **'
   75 | _CRTIMP __cdecl __MINGW_NOTHROW  char *strcat (char *, const char *);
      |                                        ^~~~~~
gcc -O0 -g3 -Wall -c -fmessage-length=0 -o "src\\CarPlateExcercise.o" "..\\src\\CarPlateExcercise.c" 
..\src\CarPlateExcercise.c: In function 'main':
..\src\CarPlateExcercise.c:28:17: warning: initialization of 'char *' from incompatible pointer type 'char (*)[9]' [-Wincompatible-pointer-types]
   28 |   char *cpntr = &args;
      |                 ^
..\src\CarPlateExcercise.c:31:3: warning: implicit declaration of function 'Args_to_char' [-Wimplicit-function-declaration]
   31 |   Args_to_char(argv,cpntr);
      |   ^~~~~~~~~~~~
gcc -o CarPlateExcercise.exe "src\\CarPlateExcercise.o" "src\\functions.o" 
15:26:17 **** Incremental Build of configuration Debug for project CarPlateExcercise ****
Info: Internal Builder is used for build
gcc -O0 -g3 -Wall -c -fmessage-length=0 -o "src\\CarPlateExcercise.o" "..\\src\\CarPlateExcercise.c" 
..\src\CarPlateExcercise.c: In function 'main':
..\src\CarPlateExcercise.c:31:3: warning: implicit declaration of function 'Args_to_char' [-Wimplicit-function-declaration]
   31 |   Args_to_char(argv,cpntr);
      |   ^~~~~~~~~~~~
gcc -o CarPlateExcercise.exe "src\\CarPlateExcercise.o" "src\\functions.o" 
15:26:33 **** Incremental Build of configuration Debug for project CarPlateExcercise ****
Info: Internal Builder is used for build
gcc -O0 -g3 -Wall -c -fmessage-length=0 -o "src\\CarPlateExcercise.o" "..\\src\\CarPlateExcercise.c" 
..\src\CarPlateExcercise.c: In function 'main':
..\src\CarPlateExcercise.c:31:3: warning: implicit declaration of function 'Args_to_char' [-Wimplicit-function-declaration]
   31 |   Args_to_char(argv[1],cpntr);
      |   ^~~~~~~~~~~~
gcc -o CarPlateExcercise.exe "src\\CarPlateExcercise.o" "src\\functions.o" 
15:26:39 **** Incremental Build of configuration Debug for project CarPlateExcercise ****
Info: Internal Builder is used for build
gcc -O0 -g3 -Wall -c -fmessage-length=0 -o "src\\CarPlateExcercise.o" "..\\src\\CarPlateExcercise.c" 
..\src\CarPlateExcercise.c: In function 'main':
..\src\CarPlateExcercise.c:31:3: warning: implicit declaration of function 'Args_to_char' [-Wimplicit-function-declaration]
   31 |   Args_to_char(argv,cpntr);
      |   ^~~~~~~~~~~~
gcc -o CarPlateExcercise.exe "src\\CarPlateExcercise.o" "src\\functions.o" 
Info: Nothing to build for CarPlateExcercise
Info: Nothing to build for CarPlateExcercise
Info: Nothing to build for CarPlateExcercise
15:29:29 **** Incremental Build of configuration Debug for project CarPlateExcercise ****
Info: Internal Builder is used for build
gcc -O0 -g3 -Wall -c -fmessage-length=0 -o "src\\CarPlateExcercise.o" "..\\src\\CarPlateExcercise.c" 
gcc -O0 -g3 -Wall -c -fmessage-length=0 -o "src\\functions.o" "..\\src\\functions.c" 
..\src\functions.c: In function 'Args_to_char':
..\src\functions.c:34:2: error: invalid type argument of unary '*' (have 'int')
   34 |  *res[length] = ' ';
      |  ^~~~~~~~~~~~
..\src\functions.c:35:2: error: invalid type argument of unary '*' (have 'int')
   35 |  *res[length+1] = EOS;
      |  ^~~~~~~~~~~~~~
15:29:40 **** Incremental Build of configuration Debug for project CarPlateExcercise ****
Info: Internal Builder is used for build
gcc -O0 -g3 -Wall -c -fmessage-length=0 -o "src\\functions.o" "..\\src\\functions.c" 
gcc -o CarPlateExcercise.exe "src\\CarPlateExcercise.o" "src\\functions.o" 
c:/mingw/bin/../lib/gcc/mingw32/9.2.0/../../../../mingw32/bin/ld.exe: cannot open output file CarPlateExcercise.exe: Permission denied
collect2.exe: error: ld returned 1 exit status
15:29:47 **** Incremental Build of configuration Debug for project CarPlateExcercise ****
Info: Internal Builder is used for build
gcc -o CarPlateExcercise.exe "src\\CarPlateExcercise.o" "src\\functions.o" 
Info: Nothing to build for CarPlateExcercise
Info: Nothing to build for CarPlateExcercise
Info: Nothing to build for CarPlateExcercise
